<?xml version="1.0" encoding="UTF-8"?>
<!-- Generated by org.testng.reporters.JUnitReportReporter -->
<testsuite skipped="0" hostname="Veerendra-PC" name="com.TestCase.Tc_01" tests="1" failures="0" timestamp="21 Apr 2019 04:17:33 GMT" time="6.444" errors="0">
  <testcase name="doBrowserLaunch" time="6.444" classname="com.TestCase.Tc_01"/>
</testsuite> <!-- com.TestCase.Tc_01 -->
